Unity Editor version:    2021.3.16f1 (4016570cf34f)
Branch:                  2021.3/staging
Build type:              Release
Batch mode:              YES
macOS version:           Version 13.1 (Build 22C65)
Darwin version:          22.2.0
Architecture:            arm64
Running under Rosetta:   NO
Available memory:        8192 MB
Using pre-set license
Pro License: YES

COMMAND LINE ARGUMENTS:
/Applications/Unity/Hub/Editor/2021.3.16f1/Unity.app/Contents/MacOS/Unity
-adb2
-batchMode
-noUpm
-name
AssetImportWorker0
-projectPath
/Users/baranyildiz/Desktop/GitApps/Hyper-Casual-Game/Big Runner
-logFile
Logs/AssetImportWorker0.log
-srvPort
64168
Successfully changed project path to: /Users/baranyildiz/Desktop/GitApps/Hyper-Casual-Game/Big Runner
/Users/baranyildiz/Desktop/GitApps/Hyper-Casual-Game/Big Runner
[UnityMemory] Configuration Parameters - Can be set up in boot.config
    "memorysetup-bucket-allocator-granularity=16"
    "memorysetup-bucket-allocator-bucket-count=8"
    "memorysetup-bucket-allocator-block-size=33554432"
    "memorysetup-bucket-allocator-block-count=8"
    "memorysetup-main-allocator-block-size=16777216"
    "memorysetup-thread-allocator-block-size=16777216"
    "memorysetup-gfx-main-allocator-block-size=16777216"
    "memorysetup-gfx-thread-allocator-block-size=16777216"
    "memorysetup-cache-allocator-block-size=4194304"
    "memorysetup-typetree-allocator-block-size=2097152"
    "memorysetup-profiler-bucket-allocator-granularity=16"
    "memorysetup-profiler-bucket-allocator-bucket-count=8"
    "memorysetup-profiler-bucket-allocator-block-size=33554432"
    "memorysetup-profiler-bucket-allocator-block-count=8"
    "memorysetup-profiler-allocator-block-size=16777216"
    "memorysetup-profiler-editor-allocator-block-size=1048576"
    "memorysetup-temp-allocator-size-main=16777216"
    "memorysetup-job-temp-allocator-block-size=2097152"
    "memorysetup-job-temp-allocator-block-size-background=1048576"
    "memorysetup-job-temp-allocator-reduction-small-platforms=262144"
    "memorysetup-temp-allocator-size-background-worker=32768"
    "memorysetup-temp-allocator-size-job-worker=262144"
    "memorysetup-temp-allocator-size-preload-manager=33554432"
    "memorysetup-temp-allocator-size-nav-mesh-worker=65536"
    "memorysetup-temp-allocator-size-audio-worker=65536"
    "memorysetup-temp-allocator-size-cloud-worker=32768"
    "memorysetup-temp-allocator-size-gi-baking-worker=262144"
    "memorysetup-temp-allocator-size-gfx=262144"
Player connection [8627796608] Host "[IP] 192.168.1.100 [Port] 0 [Flags] 2 [Guid] 653718926 [EditorId] 653718926 [Version] 1048832 [Id] OSXEditor(0,Baran-MacBook-Air.local) [Debug] 1 [PackageName] OSXEditor [ProjectName] Editor" joined multi-casting on [225.0.0.222:54997]...

Player connection [8627796608] Host "[IP] 192.168.1.100 [Port] 0 [Flags] 2 [Guid] 653718926 [EditorId] 653718926 [Version] 1048832 [Id] OSXEditor(0,Baran-MacBook-Air.local) [Debug] 1 [PackageName] OSXEditor [ProjectName] Editor" joined alternative multi-casting on [225.0.0.222:34997]...

Refreshing native plugins compatible for Editor in 95.78 ms, found 2 plugins.
Preloading 0 native plugins for Editor in 0.00 ms.
Initialize engine version: 2021.3.16f1 (4016570cf34f)
[Subsystems] Discovering subsystems at path /Applications/Unity/Hub/Editor/2021.3.16f1/Unity.app/Contents/Resources/UnitySubsystems
[Subsystems] Discovering subsystems at path /Users/baranyildiz/Desktop/GitApps/Hyper-Casual-Game/Big Runner/Assets
GfxDevice: creating device client; threaded=0; jobified=0
 preferred device: Apple M2 (high power)
Metal devices available: 1
0: Apple M2 (high power)
Using device Apple M2 (high power)
Initializing Metal device caps: Apple M2
Initialize mono
Mono path[0] = '/Applications/Unity/Hub/Editor/2021.3.16f1/Unity.app/Contents/Managed'
Mono path[1] = '/Applications/Unity/Hub/Editor/2021.3.16f1/Unity.app/Contents/MonoBleedingEdge/lib/mono/unityjit-macos'
Mono config path = '/Applications/Unity/Hub/Editor/2021.3.16f1/Unity.app/Contents/MonoBleedingEdge/etc'
Using monoOptions --debugger-agent=transport=dt_socket,embedding=1,server=y,suspend=n,address=127.0.0.1:56163
Begin MonoManager ReloadAssembly
Registering precompiled unity dll's ...
Register platform support module: /Applications/Unity/Hub/Editor/2021.3.16f1/Unity.app/Contents/PlaybackEngines/MacStandaloneSupport/UnityEditor.OSXStandalone.Extensions.dll
Register platform support module: /Applications/Unity/Hub/Editor/2021.3.16f1/PlaybackEngines/AndroidPlayer/UnityEditor.Android.Extensions.dll
Register platform support module: /Applications/Unity/Hub/Editor/2021.3.16f1/PlaybackEngines/iOSSupport/UnityEditor.iOS.Extensions.dll
Registered in 0.002524 seconds.
[usbmuxd] Start listen thread
[usbmuxd] Listen thread started
[usbmuxd] Send listen message
Native extension for iOS target not found
Native extension for Android target not found
Native extension for OSXStandalone target not found
Refreshing native plugins compatible for Editor in 57.09 ms, found 2 plugins.
Preloading 0 native plugins for Editor in 0.00 ms.
Mono: successfully reloaded assembly
- Completed reload, in  0.457 seconds
Domain Reload Profiling:
	ReloadAssembly (457ms)
		BeginReloadAssembly (67ms)
			ExecutionOrderSort (0ms)
			DisableScriptedObjects (0ms)
			BackupInstance (0ms)
			ReleaseScriptingObjects (0ms)
			CreateAndSetChildDomain (0ms)
		EndReloadAssembly (324ms)
			LoadAssemblies (68ms)
			RebuildTransferFunctionScriptingTraits (1ms)
			SetupTypeCache (73ms)
			ReleaseScriptCaches (0ms)
			RebuildScriptCaches (17ms)
			SetupLoadedEditorAssemblies (206ms)
				LogAssemblyErrors (0ms)
				InitializePlatformSupportModulesInManaged (79ms)
				SetLoadedEditorAssemblies (0ms)
				RefreshPlugins (57ms)
				BeforeProcessingInitializeOnLoad (1ms)
				ProcessInitializeOnLoadAttributes (47ms)
				ProcessInitializeOnLoadMethodAttributes (22ms)
				AfterProcessingInitializeOnLoad (0ms)
				EditorAssembliesLoaded (0ms)
			ExecutionOrderSort2 (0ms)
			AwakeInstancesAfterBackupRestoration (0ms)
Platform modules already initialized, skipping
Registering precompiled user dll's ...
Registered in 0.001769 seconds.
Begin MonoManager ReloadAssembly
Symbol file LoadedFromMemory doesn't match image /Users/baranyildiz/Desktop/GitApps/Hyper-Casual-Game/Big Runner/Library/PackageCache/com.unity.visualscripting@1.7.8/Editor/VisualScripting.Core/Dependencies/YamlDotNet/Unity.VisualScripting.YamlDotNet.dll
Symbol file LoadedFromMemory doesn't match image /Users/baranyildiz/Desktop/GitApps/Hyper-Casual-Game/Big Runner/Library/PackageCache/com.unity.visualscripting@1.7.8/Editor/VisualScripting.Core/Dependencies/DotNetZip/Unity.VisualScripting.IonicZip.dll
Native extension for iOS target not found
Native extension for Android target not found
Native extension for OSXStandalone target not found
Refreshing native plugins compatible for Editor in 0.34 ms, found 2 plugins.
Preloading 0 native plugins for Editor in 0.00 ms.
Mono: successfully reloaded assembly
- Completed reload, in  0.687 seconds
Domain Reload Profiling:
	ReloadAssembly (688ms)
		BeginReloadAssembly (160ms)
			ExecutionOrderSort (0ms)
			DisableScriptedObjects (3ms)
			BackupInstance (0ms)
			ReleaseScriptingObjects (0ms)
			CreateAndSetChildDomain (120ms)
		EndReloadAssembly (467ms)
			LoadAssemblies (47ms)
			RebuildTransferFunctionScriptingTraits (0ms)
			SetupTypeCache (170ms)
			ReleaseScriptCaches (1ms)
			RebuildScriptCaches (30ms)
			SetupLoadedEditorAssemblies (197ms)
				LogAssemblyErrors (0ms)
				InitializePlatformSupportModulesInManaged (13ms)
				SetLoadedEditorAssemblies (0ms)
				RefreshPlugins (0ms)
				BeforeProcessingInitializeOnLoad (46ms)
				ProcessInitializeOnLoadAttributes (123ms)
				ProcessInitializeOnLoadMethodAttributes (13ms)
				AfterProcessingInitializeOnLoad (1ms)
				EditorAssembliesLoaded (0ms)
			ExecutionOrderSort2 (0ms)
			AwakeInstancesAfterBackupRestoration (2ms)
Platform modules already initialized, skipping
========================================================================
Worker process is ready to serve import requests
Launching external process: /Applications/Unity/Hub/Editor/2021.3.16f1/Unity.app/Contents/Tools/UnityShaderCompiler
Launched and connected shader compiler UnityShaderCompiler after 0.11 seconds
Refreshing native plugins compatible for Editor in 0.38 ms, found 2 plugins.
Preloading 0 native plugins for Editor in 0.00 ms.
Unloading 3361 Unused Serialized files (Serialized files now loaded: 0)
Unloading 27 unused Assets / (85.2 KB). Loaded Objects now: 3820.
Memory consumption went from 110.0 MB to 109.9 MB.
Total: 2.726083 ms (FindLiveObjects: 0.119750 ms CreateObjectMapping: 0.045416 ms MarkObjects: 2.231583 ms  DeleteObjects: 0.328792 ms)

AssetImportParameters requested are different than current active one (requested -> active):
  custom:video-decoder-ogg-theora: a1e56fd34408186e4bbccfd4996cb3dc -> 
  custom:container-muxer-webm: aa71ff27fc2769a1b78a27578f13a17b -> 
  custom:container-demuxer-webm: 4f35f7cbe854078d1ac9338744f61a02 -> 
  custom:video-encoder-webm-vp8: eb34c28f22e8b96e1ab97ce403110664 -> 
  custom:framework-osx-AVFoundation: e770b220cccbd017edd2c1fefb359320 -> 
  custom:audio-encoder-webm-vorbis: bf7c407c2cedff20999df2af8eb42d56 -> 
  custom:container-demuxer-ogg: 62fdf1f143b41e24485cea50d1cbac27 -> 
  custom:video-decoder-webm-vp8: 9c59270c3fd7afecdb556c50c9e8de78 -> 
  custom:audio-decoder-ogg-vorbis: bf7c407c2cedff20999df2af8eb42d56 -> 
========================================================================
Received Import Request.
  Time since last request: 412424.393831 seconds.
  path: Assets/Scripts
  artifactKey: Guid(d6aeaa215e06246f99c4fe0711841074) Importer(815301076,1909f56bfc062723c751e8b465ee728b)
Start importing Assets/Scripts using Guid(d6aeaa215e06246f99c4fe0711841074) Importer(815301076,1909f56bfc062723c751e8b465ee728b)  -> (artifact id: 'e33a98dbed40b05e82364b6ba39052b6') in 0.004999 seconds 
========================================================================
Received Import Request.
  Time since last request: 6.956884 seconds.
  path: Assets/Scripts/PlayerScripts
  artifactKey: Guid(3f48486e5d33849cd8dc75cd5f0005a2) Importer(815301076,1909f56bfc062723c751e8b465ee728b)
Start importing Assets/Scripts/PlayerScripts using Guid(3f48486e5d33849cd8dc75cd5f0005a2) Importer(815301076,1909f56bfc062723c751e8b465ee728b)  -> (artifact id: 'ee841453e0000f81d9347fadc5484c01') in 0.000896 seconds 
========================================================================
Received Import Request.
  Time since last request: 67.431809 seconds.
  path: Assets/Prefabs
  artifactKey: Guid(7f9b625713ab94690bd346f4dc54319d) Importer(815301076,1909f56bfc062723c751e8b465ee728b)
Start importing Assets/Prefabs using Guid(7f9b625713ab94690bd346f4dc54319d) Importer(815301076,1909f56bfc062723c751e8b465ee728b)  -> (artifact id: '5ab53389fea551d023e06b4f2ac7d25c') in 0.005392 seconds 
========================================================================
Received Import Request.
  Time since last request: 17.027300 seconds.
  path: Assets/Simple_Character.fbx
  artifactKey: Guid(affa61b70428a47e2a3f3ec1e879e6fe) Importer(815301076,1909f56bfc062723c751e8b465ee728b)
Start importing Assets/Simple_Character.fbx using Guid(affa61b70428a47e2a3f3ec1e879e6fe) Importer(815301076,1909f56bfc062723c751e8b465ee728b)  -> (artifact id: '58e1ac3000c5aa3a8f0dd323eaf19ca1') in 0.837092 seconds 
========================================================================
Received Import Request.
  Time since last request: 89.391698 seconds.
  path: Assets/Player.prefab
  artifactKey: Guid(4f426ff16e4e346a98049d77723a1dc0) Importer(815301076,1909f56bfc062723c751e8b465ee728b)
Start importing Assets/Player.prefab using Guid(4f426ff16e4e346a98049d77723a1dc0) Importer(815301076,1909f56bfc062723c751e8b465ee728b)  -> (artifact id: 'dda9bf95cfe25034e0fa75b9a4e2d80e') in 0.051386 seconds 
========================================================================
Received Import Request.
  Time since last request: 30.766703 seconds.
  path: Assets/Material.mat
  artifactKey: Guid(78dc49bf0730a4913a5b4fdbe1bbe9f2) Importer(815301076,1909f56bfc062723c751e8b465ee728b)
Start importing Assets/Material.mat using Guid(78dc49bf0730a4913a5b4fdbe1bbe9f2) Importer(815301076,1909f56bfc062723c751e8b465ee728b)  -> (artifact id: '3f462bf359c5868323dbb3f34428df8f') in 0.054939 seconds 
========================================================================
Received Import Request.
  Time since last request: 105.414034 seconds.
  path: Assets/Materials
  artifactKey: Guid(0a8cd8c5b27f342c1ac0075a5c3039f5) Importer(815301076,1909f56bfc062723c751e8b465ee728b)
Start importing Assets/Materials using Guid(0a8cd8c5b27f342c1ac0075a5c3039f5) Importer(815301076,1909f56bfc062723c751e8b465ee728b)  -> (artifact id: '21b3a9b2ff143d352acc5ba58477b2fb') in 0.006993 seconds 
========================================================================
Received Import Request.
  Time since last request: 6.666341 seconds.
  path: Assets/PlayerMaterial.mat
  artifactKey: Guid(78dc49bf0730a4913a5b4fdbe1bbe9f2) Importer(815301076,1909f56bfc062723c751e8b465ee728b)
Start importing Assets/PlayerMaterial.mat using Guid(78dc49bf0730a4913a5b4fdbe1bbe9f2) Importer(815301076,1909f56bfc062723c751e8b465ee728b)  -> (artifact id: 'eb9191ccb1e9bf4c1805cb9b4712decd') in 0.010302 seconds 
========================================================================
Received Import Request.
  Time since last request: 14.164169 seconds.
  path: Assets/Animations
  artifactKey: Guid(1add7e89357c244dd853f565c5315eab) Importer(815301076,1909f56bfc062723c751e8b465ee728b)
Start importing Assets/Animations using Guid(1add7e89357c244dd853f565c5315eab) Importer(815301076,1909f56bfc062723c751e8b465ee728b)  -> (artifact id: '343ed5ddf72930fd0d43ba867fe80e8e') in 0.000569 seconds 
========================================================================
Received Import Request.
  Time since last request: 10.692322 seconds.
  path: Assets/Animations/PlayerAnim
  artifactKey: Guid(1c271fed010c84ad5b493b5d8b5db065) Importer(815301076,1909f56bfc062723c751e8b465ee728b)
Start importing Assets/Animations/PlayerAnim using Guid(1c271fed010c84ad5b493b5d8b5db065) Importer(815301076,1909f56bfc062723c751e8b465ee728b)  -> (artifact id: '79c0d5b236edf8a5cad748143e15791a') in 0.000557 seconds 
========================================================================
Received Import Request.
  Time since last request: 7.679631 seconds.
  path: Assets/Armature.001_Armature.002_mixamo.com_Layer0.anim
  artifactKey: Guid(4f5e46742a6d445939ad65499ad8218a) Importer(815301076,1909f56bfc062723c751e8b465ee728b)
Start importing Assets/Armature.001_Armature.002_mixamo.com_Layer0.anim using Guid(4f5e46742a6d445939ad65499ad8218a) Importer(815301076,1909f56bfc062723c751e8b465ee728b)  -> (artifact id: 'bdf9ce71370cba4bd495a43f90628963') in 0.052792 seconds 
========================================================================
Received Import Request.
  Time since last request: 12.291211 seconds.
  path: Assets/Armature.001_Sad.Idle.001.anim
  artifactKey: Guid(9e9327b64c7104f64851ddaa819fc9ed) Importer(815301076,1909f56bfc062723c751e8b465ee728b)
Start importing Assets/Armature.001_Sad.Idle.001.anim using Guid(9e9327b64c7104f64851ddaa819fc9ed) Importer(815301076,1909f56bfc062723c751e8b465ee728b)  -> (artifact id: 'd16cdd547692c82fe8de7c842bef5471') in 0.007728 seconds 
========================================================================
Received Import Request.
  Time since last request: 8.703843 seconds.
  path: Assets/Armature.001_Armature.001_mixamo.com_Layer0.anim
  artifactKey: Guid(c7fd29a9d59ad44b398da1eceb55c98b) Importer(815301076,1909f56bfc062723c751e8b465ee728b)
Start importing Assets/Armature.001_Armature.001_mixamo.com_Layer0.anim using Guid(c7fd29a9d59ad44b398da1eceb55c98b) Importer(815301076,1909f56bfc062723c751e8b465ee728b)  -> (artifact id: '0426d265d66e69aaa661483a29031bc3') in 0.011275 seconds 
========================================================================
Received Import Request.
  Time since last request: 60.082915 seconds.
  path: Assets/PlayerAnimController.controller
  artifactKey: Guid(01d69ee628e7f465282b6ea2fd1d1777) Importer(815301076,1909f56bfc062723c751e8b465ee728b)
Start importing Assets/PlayerAnimController.controller using Guid(01d69ee628e7f465282b6ea2fd1d1777) Importer(815301076,1909f56bfc062723c751e8b465ee728b)  -> (artifact id: '1d9da1d07896d96fce37d3a142f4a84c') in 0.041819 seconds 
========================================================================
Received Prepare
Registering precompiled user dll's ...
Registered in 0.001513 seconds.
Begin MonoManager ReloadAssembly
Thread 0x289f47000 may have been prematurely finalized
Symbol file LoadedFromMemory doesn't match image /Users/baranyildiz/Desktop/GitApps/Hyper-Casual-Game/Big Runner/Library/PackageCache/com.unity.visualscripting@1.7.8/Editor/VisualScripting.Core/Dependencies/YamlDotNet/Unity.VisualScripting.YamlDotNet.dll
Symbol file LoadedFromMemory doesn't match image /Users/baranyildiz/Desktop/GitApps/Hyper-Casual-Game/Big Runner/Library/PackageCache/com.unity.visualscripting@1.7.8/Editor/VisualScripting.Core/Dependencies/DotNetZip/Unity.VisualScripting.IonicZip.dll
Native extension for iOS target not found
Native extension for Android target not found
Native extension for OSXStandalone target not found
Refreshing native plugins compatible for Editor in 0.44 ms, found 2 plugins.
Preloading 0 native plugins for Editor in 0.00 ms.
Mono: successfully reloaded assembly
- Completed reload, in  0.617 seconds
Domain Reload Profiling:
	ReloadAssembly (618ms)
		BeginReloadAssembly (104ms)
			ExecutionOrderSort (0ms)
			DisableScriptedObjects (3ms)
			BackupInstance (0ms)
			ReleaseScriptingObjects (0ms)
			CreateAndSetChildDomain (50ms)
		EndReloadAssembly (452ms)
			LoadAssemblies (37ms)
			RebuildTransferFunctionScriptingTraits (0ms)
			SetupTypeCache (182ms)
			ReleaseScriptCaches (1ms)
			RebuildScriptCaches (28ms)
			SetupLoadedEditorAssemblies (182ms)
				LogAssemblyErrors (0ms)
				InitializePlatformSupportModulesInManaged (17ms)
				SetLoadedEditorAssemblies (0ms)
				RefreshPlugins (0ms)
				BeforeProcessingInitializeOnLoad (35ms)
				ProcessInitializeOnLoadAttributes (115ms)
				ProcessInitializeOnLoadMethodAttributes (13ms)
				AfterProcessingInitializeOnLoad (1ms)
				EditorAssembliesLoaded (0ms)
			ExecutionOrderSort2 (0ms)
			AwakeInstancesAfterBackupRestoration (2ms)
Platform modules already initialized, skipping
Refreshing native plugins compatible for Editor in 0.84 ms, found 2 plugins.
Preloading 0 native plugins for Editor in 0.00 ms.
Unloading 3356 Unused Serialized files (Serialized files now loaded: 0)
Unloading 20 unused Assets / (44.9 KB). Loaded Objects now: 3868.
Memory consumption went from 145.7 MB to 145.6 MB.
Total: 2.434042 ms (FindLiveObjects: 0.131125 ms CreateObjectMapping: 0.053333 ms MarkObjects: 2.182291 ms  DeleteObjects: 0.066750 ms)

AssetImportParameters requested are different than current active one (requested -> active):
  custom:video-decoder-ogg-theora: a1e56fd34408186e4bbccfd4996cb3dc -> 
  custom:container-muxer-webm: aa71ff27fc2769a1b78a27578f13a17b -> 
  custom:container-demuxer-webm: 4f35f7cbe854078d1ac9338744f61a02 -> 
  custom:video-encoder-webm-vp8: eb34c28f22e8b96e1ab97ce403110664 -> 
  custom:framework-osx-AVFoundation: e770b220cccbd017edd2c1fefb359320 -> 
  custom:audio-encoder-webm-vorbis: bf7c407c2cedff20999df2af8eb42d56 -> 
  custom:container-demuxer-ogg: 62fdf1f143b41e24485cea50d1cbac27 -> 
  custom:video-decoder-webm-vp8: 9c59270c3fd7afecdb556c50c9e8de78 -> 
  custom:audio-decoder-ogg-vorbis: bf7c407c2cedff20999df2af8eb42d56 -> 
========================================================================
Received Prepare
Registering precompiled user dll's ...
Registered in 0.001828 seconds.
Begin MonoManager ReloadAssembly
Thread 0x280b13000 may have been prematurely finalized
Symbol file LoadedFromMemory doesn't match image /Users/baranyildiz/Desktop/GitApps/Hyper-Casual-Game/Big Runner/Library/PackageCache/com.unity.visualscripting@1.7.8/Editor/VisualScripting.Core/Dependencies/YamlDotNet/Unity.VisualScripting.YamlDotNet.dll
Symbol file LoadedFromMemory doesn't match image /Users/baranyildiz/Desktop/GitApps/Hyper-Casual-Game/Big Runner/Library/PackageCache/com.unity.visualscripting@1.7.8/Editor/VisualScripting.Core/Dependencies/DotNetZip/Unity.VisualScripting.IonicZip.dll
Native extension for iOS target not found
Native extension for Android target not found
Native extension for OSXStandalone target not found
Refreshing native plugins compatible for Editor in 0.40 ms, found 2 plugins.
Preloading 0 native plugins for Editor in 0.00 ms.
Mono: successfully reloaded assembly
- Completed reload, in  0.591 seconds
Domain Reload Profiling:
	ReloadAssembly (591ms)
		BeginReloadAssembly (95ms)
			ExecutionOrderSort (0ms)
			DisableScriptedObjects (5ms)
			BackupInstance (0ms)
			ReleaseScriptingObjects (0ms)
			CreateAndSetChildDomain (40ms)
		EndReloadAssembly (441ms)
			LoadAssemblies (33ms)
			RebuildTransferFunctionScriptingTraits (0ms)
			SetupTypeCache (174ms)
			ReleaseScriptCaches (1ms)
			RebuildScriptCaches (26ms)
			SetupLoadedEditorAssemblies (182ms)
				LogAssemblyErrors (0ms)
				InitializePlatformSupportModulesInManaged (17ms)
				SetLoadedEditorAssemblies (0ms)
				RefreshPlugins (0ms)
				BeforeProcessingInitializeOnLoad (34ms)
				ProcessInitializeOnLoadAttributes (116ms)
				ProcessInitializeOnLoadMethodAttributes (12ms)
				AfterProcessingInitializeOnLoad (1ms)
				EditorAssembliesLoaded (0ms)
			ExecutionOrderSort2 (0ms)
			AwakeInstancesAfterBackupRestoration (2ms)
Platform modules already initialized, skipping
Refreshing native plugins compatible for Editor in 0.78 ms, found 2 plugins.
Preloading 0 native plugins for Editor in 0.00 ms.
Unloading 3356 Unused Serialized files (Serialized files now loaded: 0)
Unloading 20 unused Assets / (64.9 KB). Loaded Objects now: 3871.
Memory consumption went from 145.7 MB to 145.6 MB.
Total: 2.200625 ms (FindLiveObjects: 0.118875 ms CreateObjectMapping: 0.056291 ms MarkObjects: 1.975375 ms  DeleteObjects: 0.049666 ms)

AssetImportParameters requested are different than current active one (requested -> active):
  custom:video-decoder-ogg-theora: a1e56fd34408186e4bbccfd4996cb3dc -> 
  custom:container-muxer-webm: aa71ff27fc2769a1b78a27578f13a17b -> 
  custom:container-demuxer-webm: 4f35f7cbe854078d1ac9338744f61a02 -> 
  custom:video-encoder-webm-vp8: eb34c28f22e8b96e1ab97ce403110664 -> 
  custom:framework-osx-AVFoundation: e770b220cccbd017edd2c1fefb359320 -> 
  custom:audio-encoder-webm-vorbis: bf7c407c2cedff20999df2af8eb42d56 -> 
  custom:container-demuxer-ogg: 62fdf1f143b41e24485cea50d1cbac27 -> 
  custom:video-decoder-webm-vp8: 9c59270c3fd7afecdb556c50c9e8de78 -> 
  custom:audio-decoder-ogg-vorbis: bf7c407c2cedff20999df2af8eb42d56 -> 
========================================================================
Received Prepare
Registering precompiled user dll's ...
Registered in 0.001716 seconds.
Begin MonoManager ReloadAssembly
Thread 0x280b13000 may have been prematurely finalized
Symbol file LoadedFromMemory doesn't match image /Users/baranyildiz/Desktop/GitApps/Hyper-Casual-Game/Big Runner/Library/PackageCache/com.unity.visualscripting@1.7.8/Editor/VisualScripting.Core/Dependencies/YamlDotNet/Unity.VisualScripting.YamlDotNet.dll
Symbol file LoadedFromMemory doesn't match image /Users/baranyildiz/Desktop/GitApps/Hyper-Casual-Game/Big Runner/Library/PackageCache/com.unity.visualscripting@1.7.8/Editor/VisualScripting.Core/Dependencies/DotNetZip/Unity.VisualScripting.IonicZip.dll
Native extension for iOS target not found
Native extension for Android target not found
Native extension for OSXStandalone target not found
Refreshing native plugins compatible for Editor in 0.50 ms, found 2 plugins.
Preloading 0 native plugins for Editor in 0.00 ms.
Mono: successfully reloaded assembly
- Completed reload, in  0.596 seconds
Domain Reload Profiling:
	ReloadAssembly (597ms)
		BeginReloadAssembly (88ms)
			ExecutionOrderSort (0ms)
			DisableScriptedObjects (3ms)
			BackupInstance (0ms)
			ReleaseScriptingObjects (0ms)
			CreateAndSetChildDomain (36ms)
		EndReloadAssembly (452ms)
			LoadAssemblies (36ms)
			RebuildTransferFunctionScriptingTraits (0ms)
			SetupTypeCache (176ms)
			ReleaseScriptCaches (1ms)
			RebuildScriptCaches (28ms)
			SetupLoadedEditorAssemblies (184ms)
				LogAssemblyErrors (0ms)
				InitializePlatformSupportModulesInManaged (19ms)
				SetLoadedEditorAssemblies (0ms)
				RefreshPlugins (1ms)
				BeforeProcessingInitializeOnLoad (35ms)
				ProcessInitializeOnLoadAttributes (116ms)
				ProcessInitializeOnLoadMethodAttributes (12ms)
				AfterProcessingInitializeOnLoad (1ms)
				EditorAssembliesLoaded (0ms)
			ExecutionOrderSort2 (0ms)
			AwakeInstancesAfterBackupRestoration (2ms)
Platform modules already initialized, skipping
Refreshing native plugins compatible for Editor in 0.70 ms, found 2 plugins.
Preloading 0 native plugins for Editor in 0.00 ms.
Unloading 3356 Unused Serialized files (Serialized files now loaded: 0)
Unloading 20 unused Assets / (44.9 KB). Loaded Objects now: 3874.
Memory consumption went from 145.7 MB to 145.6 MB.
Total: 2.215125 ms (FindLiveObjects: 0.122333 ms CreateObjectMapping: 0.051459 ms MarkObjects: 1.995459 ms  DeleteObjects: 0.045458 ms)

AssetImportParameters requested are different than current active one (requested -> active):
  custom:video-decoder-ogg-theora: a1e56fd34408186e4bbccfd4996cb3dc -> 
  custom:container-muxer-webm: aa71ff27fc2769a1b78a27578f13a17b -> 
  custom:container-demuxer-webm: 4f35f7cbe854078d1ac9338744f61a02 -> 
  custom:video-encoder-webm-vp8: eb34c28f22e8b96e1ab97ce403110664 -> 
  custom:framework-osx-AVFoundation: e770b220cccbd017edd2c1fefb359320 -> 
  custom:audio-encoder-webm-vorbis: bf7c407c2cedff20999df2af8eb42d56 -> 
  custom:container-demuxer-ogg: 62fdf1f143b41e24485cea50d1cbac27 -> 
  custom:video-decoder-webm-vp8: 9c59270c3fd7afecdb556c50c9e8de78 -> 
  custom:audio-decoder-ogg-vorbis: bf7c407c2cedff20999df2af8eb42d56 -> 
AssetImportWorkerClient::OnTransportError - code=2 error=End of file
